<?xml version="1.0" encoding="utf-8"?><testsuites name="pytest tests"><testsuite name="pytest" errors="0" failures="0" skipped="0" tests="8" time="3.438" timestamp="2026-07-23T18:54:22.116498+00:00" hostname="agent-env-83ae6306-220b-4bc1-8794-cd26e51a15f9"><testcase classname="backend.tests.test_mikrotik_detail" name="test_detail_no_auth" time="0.246" /><testcase classname="backend.tests.test_mikrotik_detail" name="test_detail_unknown_device" time="0.643" /><testcase classname="backend.tests.test_mikrotik_detail" name="test_detail_case_insensitive" time="0.256" /><testcase classname="backend.tests.test_mikrotik_detail" name="test_hernandarias_detail" time="0.243" /><testcase classname="backend.tests.test_mikrotik_detail" name="test_matriz_km6_detail" time="0.331" /><testcase classname="backend.tests.test_mikrotik_detail" name="test_oasis_detail" time="0.210" /><testcase classname="backend.tests.test_mikrotik_detail" name="test_determinism" time="0.489" /><testcase classname="backend.tests.test_mikrotik_detail" name="test_no_password_leak_all" time="0.962" /></testsuite></testsuites>