<?xml version="1.0" encoding="utf-8"?><testsuites name="pytest tests"><testsuite name="pytest" errors="0" failures="0" skipped="0" tests="28" time="8.310" timestamp="2026-07-23T18:41:24.047652+00:00" hostname="agent-env-83ae6306-220b-4bc1-8794-cd26e51a15f9"><testcase classname="backend.tests.backend_test" name="test_health" time="0.173" /><testcase classname="backend.tests.backend_test" name="test_me_no_token" time="0.108" /><testcase classname="backend.tests.backend_test" name="test_me_with_token" time="0.602" /><testcase classname="backend.tests.backend_test" name="test_block_ip_no_auth" time="0.102" /><testcase classname="backend.tests.backend_test" name="test_block_ip_success" time="0.600" /><testcase classname="backend.tests.backend_test" name="test_close_alert_no_auth" time="0.111" /><testcase classname="backend.tests.backend_test" name="test_close_alert_flow" time="0.798" /><testcase classname="backend.tests.backend_test" name="test_seed_nvrs" time="0.113" /><testcase classname="backend.tests.backend_test" name="test_health_mode_is_dry_run" time="0.106" /><testcase classname="backend.tests.backend_test" name="test_block_ip_real_no_auth" time="0.124" /><testcase classname="backend.tests.backend_test" name="test_block_ip_real_success_dry_run" time="0.408" /><testcase classname="backend.tests.backend_test" name="test_audit_log_endpoint" time="0.353" /><testcase classname="backend.tests.backend_test" name="test_audit_log_no_auth" time="0.098" /><testcase classname="backend.tests.backend_test" name="test_blocked_ips_endpoint" time="0.382" /><testcase classname="backend.tests.backend_test" name="test_blocked_ips_no_auth" time="0.097" /><testcase classname="backend.tests.backend_test" name="test_local_audit_fallback_writes_file" time="0.336" /><testcase classname="backend.tests.backend_test" name="test_mikrotiks_no_auth" time="0.096" /><testcase classname="backend.tests.backend_test" name="test_mikrotiks_with_auth" time="0.205" /><testcase classname="backend.tests.backend_test" name="test_mikrotiks_no_password_leak" time="0.211" /><testcase classname="backend.tests.backend_test" name="test_mikrotiks_priorities" time="0.264" /><testcase classname="backend.tests.backend_test" name="test_mikrotiks_security_policy" time="0.252" /><testcase classname="backend.tests.test_reports" name="test_summary_no_auth" time="0.101" /><testcase classname="backend.tests.test_reports" name="test_summary_default_30d" time="0.777" /><testcase classname="backend.tests.test_reports" name="test_summary_empty_range" time="0.387" /><testcase classname="backend.tests.test_reports" name="test_summary_24h" time="0.362" /><testcase classname="backend.tests.test_reports" name="test_export_xlsx_with_header" time="0.328" /><testcase classname="backend.tests.test_reports" name="test_export_xlsx_with_token_qs" time="0.399" /><testcase classname="backend.tests.test_reports" name="test_export_xlsx_no_token" time="0.165" /></testsuite></testsuites>