<?xml version="1.0" encoding="utf-8"?><testsuites name="pytest tests"><testsuite name="pytest" errors="0" failures="0" skipped="0" tests="8" time="2.548" timestamp="2026-07-20T19:43:49.589578+00:00" hostname="agent-env-83ae6306-220b-4bc1-8794-cd26e51a15f9"><testcase classname="backend.tests.backend_test" name="test_health" time="0.194" /><testcase classname="backend.tests.backend_test" name="test_me_no_token" time="0.153" /><testcase classname="backend.tests.backend_test" name="test_me_with_token" time="0.680" /><testcase classname="backend.tests.backend_test" name="test_block_ip_no_auth" time="0.242" /><testcase classname="backend.tests.backend_test" name="test_block_ip_success" time="0.273" /><testcase classname="backend.tests.backend_test" name="test_close_alert_no_auth" time="0.189" /><testcase classname="backend.tests.backend_test" name="test_close_alert_flow" time="0.645" /><testcase classname="backend.tests.backend_test" name="test_seed_nvrs" time="0.117" /></testsuite></testsuites>