<?xml version="1.0" encoding="utf-8"?><testsuites name="pytest tests"><testsuite name="pytest" errors="0" failures="0" skipped="0" tests="7" time="44.768" timestamp="2026-07-23T18:40:35.322768+00:00" hostname="agent-env-83ae6306-220b-4bc1-8794-cd26e51a15f9"><testcase classname="backend.tests.test_reports" name="test_summary_no_auth" time="21.363" /><testcase classname="backend.tests.test_reports" name="test_summary_default_30d" time="1.231" /><testcase classname="backend.tests.test_reports" name="test_summary_empty_range" time="20.415" /><testcase classname="backend.tests.test_reports" name="test_summary_24h" time="0.465" /><testcase classname="backend.tests.test_reports" name="test_export_xlsx_with_header" time="0.458" /><testcase classname="backend.tests.test_reports" name="test_export_xlsx_with_token_qs" time="0.412" /><testcase classname="backend.tests.test_reports" name="test_export_xlsx_no_token" time="0.110" /></testsuite></testsuites>